<?xml version="1.0" encoding="UTF-8" standalone="no"?>
<!DOCTYPE report PUBLIC "-//JACOCO//DTD Report 1.1//EN" "report.dtd"[]>
<report name="Pester (06/17/2022 09:33:41)">
  <sessioninfo id="this" start="1655458389745" dump="1655458421039" />
  <package name="DSC_SqlRS">
    <class name="DSC_SqlRS/DSC_SqlRS" sourcefilename="DSC_SqlRS.psm1">
      <method name="&lt;script&gt;" desc="()" line="1">
        <counter type="INSTRUCTION" missed="0" covered="5" />
        <counter type="LINE" missed="0" covered="5" />
        <counter type="METHOD" missed="0" covered="1" />
      </method>
      <method name="Get-TargetResource" desc="()" line="42">
        <counter type="INSTRUCTION" missed="0" covered="48" />
        <counter type="LINE" missed="0" covered="46" />
        <counter type="METHOD" missed="0" covered="1" />
      </method>
      <method name="Set-TargetResource" desc="()" line="254">
        <counter type="INSTRUCTION" missed="230" covered="45" />
        <counter type="LINE" missed="203" covered="35" />
        <counter type="METHOD" missed="0" covered="1" />
      </method>
      <method name="Test-TargetResource" desc="()" line="887">
        <counter type="INSTRUCTION" missed="0" covered="65" />
        <counter type="LINE" missed="0" covered="49" />
        <counter type="METHOD" missed="0" covered="1" />
      </method>
      <method name="Get-ReportingServicesData" desc="()" line="1024">
        <counter type="INSTRUCTION" missed="0" covered="20" />
        <counter type="LINE" missed="0" covered="15" />
        <counter type="METHOD" missed="0" covered="1" />
      </method>
      <method name="Invoke-RsCimMethod" desc="()" line="1100">
        <counter type="INSTRUCTION" missed="0" covered="17" />
        <counter type="LINE" missed="0" covered="15" />
        <counter type="METHOD" missed="0" covered="1" />
      </method>
      <counter type="INSTRUCTION" missed="230" covered="200" />
      <counter type="LINE" missed="203" covered="165" />
      <counter type="METHOD" missed="0" covered="6" />
      <counter type="CLASS" missed="0" covered="1" />
    </class>
    <sourcefile name="DSC_SqlRS.psm1">
      <line nr="1" mi="0" ci="1" mb="0" cb="0" />
      <line nr="2" mi="0" ci="1" mb="0" cb="0" />
      <line nr="4" mi="0" ci="1" mb="0" cb="0" />
      <line nr="5" mi="0" ci="1" mb="0" cb="0" />
      <line nr="7" mi="0" ci="1" mb="0" cb="0" />
      <line nr="42" mi="0" ci="1" mb="0" cb="0" />
      <line nr="43" mi="0" ci="1" mb="0" cb="0" />
      <line nr="46" mi="0" ci="1" mb="0" cb="0" />
      <line nr="47" mi="0" ci="1" mb="0" cb="0" />
      <line nr="48" mi="0" ci="1" mb="0" cb="0" />
      <line nr="49" mi="0" ci="1" mb="0" cb="0" />
      <line nr="50" mi="0" ci="1" mb="0" cb="0" />
      <line nr="51" mi="0" ci="1" mb="0" cb="0" />
      <line nr="52" mi="0" ci="1" mb="0" cb="0" />
      <line nr="53" mi="0" ci="1" mb="0" cb="0" />
      <line nr="54" mi="0" ci="1" mb="0" cb="0" />
      <line nr="55" mi="0" ci="1" mb="0" cb="0" />
      <line nr="56" mi="0" ci="1" mb="0" cb="0" />
      <line nr="57" mi="0" ci="1" mb="0" cb="0" />
      <line nr="60" mi="0" ci="1" mb="0" cb="0" />
      <line nr="62" mi="0" ci="1" mb="0" cb="0" />
      <line nr="64" mi="0" ci="1" mb="0" cb="0" />
      <line nr="66" mi="0" ci="1" mb="0" cb="0" />
      <line nr="67" mi="0" ci="1" mb="0" cb="0" />
      <line nr="71" mi="0" ci="1" mb="0" cb="0" />
      <line nr="72" mi="0" ci="1" mb="0" cb="0" />
      <line nr="75" mi="0" ci="1" mb="0" cb="0" />
      <line nr="76" mi="0" ci="1" mb="0" cb="0" />
      <line nr="78" mi="0" ci="1" mb="0" cb="0" />
      <line nr="82" mi="0" ci="1" mb="0" cb="0" />
      <line nr="84" mi="0" ci="1" mb="0" cb="0" />
      <line nr="86" mi="0" ci="1" mb="0" cb="0" />
      <line nr="90" mi="0" ci="1" mb="0" cb="0" />
      <line nr="93" mi="0" ci="1" mb="0" cb="0" />
      <line nr="94" mi="0" ci="1" mb="0" cb="0" />
      <line nr="96" mi="0" ci="1" mb="0" cb="0" />
      <line nr="97" mi="0" ci="1" mb="0" cb="0" />
      <line nr="98" mi="0" ci="1" mb="0" cb="0" />
      <line nr="101" mi="0" ci="1" mb="0" cb="0" />
      <line nr="103" mi="0" ci="1" mb="0" cb="0" />
      <line nr="104" mi="0" ci="1" mb="0" cb="0" />
      <line nr="106" mi="0" ci="3" mb="0" cb="0" />
      <line nr="108" mi="0" ci="1" mb="0" cb="0" />
      <line nr="110" mi="0" ci="1" mb="0" cb="0" />
      <line nr="113" mi="0" ci="1" mb="0" cb="0" />
      <line nr="115" mi="0" ci="1" mb="0" cb="0" />
      <line nr="119" mi="0" ci="1" mb="0" cb="0" />
      <line nr="120" mi="0" ci="1" mb="0" cb="0" />
      <line nr="133" mi="0" ci="1" mb="0" cb="0" />
      <line nr="135" mi="0" ci="1" mb="0" cb="0" />
      <line nr="138" mi="0" ci="1" mb="0" cb="0" />
      <line nr="254" mi="0" ci="1" mb="0" cb="0" />
      <line nr="258" mi="0" ci="1" mb="0" cb="0" />
      <line nr="277" mi="0" ci="1" mb="0" cb="0" />
      <line nr="278" mi="0" ci="1" mb="0" cb="0" />
      <line nr="279" mi="0" ci="1" mb="0" cb="0" />
      <line nr="280" mi="0" ci="1" mb="0" cb="0" />
      <line nr="283" mi="0" ci="1" mb="0" cb="0" />
      <line nr="285" mi="0" ci="1" mb="0" cb="0" />
      <line nr="287" mi="0" ci="1" mb="0" cb="0" />
      <line nr="289" mi="0" ci="1" mb="0" cb="0" />
      <line nr="290" mi="0" ci="1" mb="0" cb="0" />
      <line nr="292" mi="0" ci="1" mb="0" cb="0" />
      <line nr="293" mi="0" ci="1" mb="0" cb="0" />
      <line nr="294" mi="0" ci="1" mb="0" cb="0" />
      <line nr="295" mi="0" ci="1" mb="0" cb="0" />
      <line nr="298" mi="0" ci="1" mb="0" cb="0" />
      <line nr="301" mi="0" ci="1" mb="0" cb="0" />
      <line nr="302" mi="0" ci="1" mb="0" cb="0" />
      <line nr="304" mi="0" ci="1" mb="0" cb="0" />
      <line nr="307" mi="0" ci="1" mb="0" cb="0" />
      <line nr="311" mi="0" ci="1" mb="0" cb="0" />
      <line nr="313" mi="0" ci="5" mb="0" cb="0" />
      <line nr="314" mi="0" ci="1" mb="0" cb="0" />
      <line nr="315" mi="0" ci="3" mb="0" cb="0" />
      <line nr="317" mi="0" ci="4" mb="0" cb="0" />
      <line nr="320" mi="0" ci="1" mb="0" cb="0" />
      <line nr="323" mi="0" ci="1" mb="0" cb="0" />
      <line nr="326" mi="0" ci="1" mb="0" cb="0" />
      <line nr="327" mi="0" ci="1" mb="0" cb="0" />
      <line nr="328" mi="0" ci="1" mb="0" cb="0" />
      <line nr="329" mi="0" ci="1" mb="0" cb="0" />
      <line nr="330" mi="0" ci="1" mb="0" cb="0" />
      <line nr="334" mi="0" ci="1" mb="0" cb="0" />
      <line nr="336" mi="0" ci="1" mb="0" cb="0" />
      <line nr="338" mi="0" ci="2" mb="0" cb="0" />
      <line nr="340" mi="1" ci="0" mb="0" cb="0" />
      <line nr="342" mi="2" ci="0" mb="0" cb="0" />
      <line nr="343" mi="4" ci="0" mb="0" cb="0" />
      <line nr="344" mi="1" ci="0" mb="0" cb="0" />
      <line nr="345" mi="1" ci="0" mb="0" cb="0" />
      <line nr="346" mi="1" ci="0" mb="0" cb="0" />
      <line nr="347" mi="1" ci="0" mb="0" cb="0" />
      <line nr="348" mi="1" ci="0" mb="0" cb="0" />
      <line nr="353" mi="1" ci="0" mb="0" cb="0" />
      <line nr="359" mi="2" ci="0" mb="0" cb="0" />
      <line nr="360" mi="1" ci="0" mb="0" cb="0" />
      <line nr="361" mi="1" ci="0" mb="0" cb="0" />
      <line nr="362" mi="1" ci="0" mb="0" cb="0" />
      <line nr="363" mi="1" ci="0" mb="0" cb="0" />
      <line nr="364" mi="1" ci="0" mb="0" cb="0" />
      <line nr="365" mi="1" ci="0" mb="0" cb="0" />
      <line nr="366" mi="1" ci="0" mb="0" cb="0" />
      <line nr="370" mi="1" ci="0" mb="0" cb="0" />
      <line nr="372" mi="1" ci="0" mb="0" cb="0" />
      <line nr="373" mi="1" ci="0" mb="0" cb="0" />
      <line nr="376" mi="1" ci="0" mb="0" cb="0" />
      <line nr="381" mi="1" ci="0" mb="0" cb="0" />
      <line nr="383" mi="1" ci="0" mb="0" cb="0" />
      <line nr="387" mi="1" ci="0" mb="0" cb="0" />
      <line nr="390" mi="1" ci="0" mb="0" cb="0" />
      <line nr="392" mi="2" ci="0" mb="0" cb="0" />
      <line nr="393" mi="1" ci="0" mb="0" cb="0" />
      <line nr="395" mi="1" ci="0" mb="0" cb="0" />
      <line nr="396" mi="1" ci="0" mb="0" cb="0" />
      <line nr="397" mi="1" ci="0" mb="0" cb="0" />
      <line nr="398" mi="1" ci="0" mb="0" cb="0" />
      <line nr="399" mi="1" ci="0" mb="0" cb="0" />
      <line nr="400" mi="1" ci="0" mb="0" cb="0" />
      <line nr="401" mi="1" ci="0" mb="0" cb="0" />
      <line nr="405" mi="1" ci="0" mb="0" cb="0" />
      <line nr="406" mi="1" ci="0" mb="0" cb="0" />
      <line nr="409" mi="2" ci="0" mb="0" cb="0" />
      <line nr="411" mi="2" ci="0" mb="0" cb="0" />
      <line nr="413" mi="1" ci="0" mb="0" cb="0" />
      <line nr="414" mi="1" ci="0" mb="0" cb="0" />
      <line nr="415" mi="1" ci="0" mb="0" cb="0" />
      <line nr="416" mi="1" ci="0" mb="0" cb="0" />
      <line nr="417" mi="1" ci="0" mb="0" cb="0" />
      <line nr="418" mi="1" ci="0" mb="0" cb="0" />
      <line nr="419" mi="1" ci="0" mb="0" cb="0" />
      <line nr="420" mi="1" ci="0" mb="0" cb="0" />
      <line nr="424" mi="1" ci="0" mb="0" cb="0" />
      <line nr="425" mi="1" ci="0" mb="0" cb="0" />
      <line nr="428" mi="1" ci="0" mb="0" cb="0" />
      <line nr="430" mi="1" ci="0" mb="0" cb="0" />
      <line nr="432" mi="1" ci="0" mb="0" cb="0" />
      <line nr="433" mi="1" ci="0" mb="0" cb="0" />
      <line nr="434" mi="1" ci="0" mb="0" cb="0" />
      <line nr="435" mi="1" ci="0" mb="0" cb="0" />
      <line nr="436" mi="1" ci="0" mb="0" cb="0" />
      <line nr="437" mi="1" ci="0" mb="0" cb="0" />
      <line nr="438" mi="1" ci="0" mb="0" cb="0" />
      <line nr="439" mi="1" ci="0" mb="0" cb="0" />
      <line nr="456" mi="1" ci="0" mb="0" cb="0" />
      <line nr="460" mi="1" ci="0" mb="0" cb="0" />
      <line nr="484" mi="1" ci="0" mb="0" cb="0" />
      <line nr="486" mi="1" ci="0" mb="0" cb="0" />
      <line nr="488" mi="1" ci="0" mb="0" cb="0" />
      <line nr="490" mi="1" ci="0" mb="0" cb="0" />
      <line nr="493" mi="1" ci="0" mb="0" cb="0" />
      <line nr="495" mi="1" ci="0" mb="0" cb="0" />
      <line nr="497" mi="1" ci="0" mb="0" cb="0" />
      <line nr="499" mi="1" ci="0" mb="0" cb="0" />
      <line nr="502" mi="2" ci="0" mb="0" cb="0" />
      <line nr="504" mi="1" ci="0" mb="0" cb="0" />
      <line nr="506" mi="1" ci="0" mb="0" cb="0" />
      <line nr="508" mi="2" ci="0" mb="0" cb="0" />
      <line nr="509" mi="1" ci="0" mb="0" cb="0" />
      <line nr="510" mi="1" ci="0" mb="0" cb="0" />
      <line nr="511" mi="1" ci="0" mb="0" cb="0" />
      <line nr="512" mi="1" ci="0" mb="0" cb="0" />
      <line nr="513" mi="1" ci="0" mb="0" cb="0" />
      <line nr="514" mi="1" ci="0" mb="0" cb="0" />
      <line nr="515" mi="1" ci="0" mb="0" cb="0" />
      <line nr="519" mi="1" ci="0" mb="0" cb="0" />
      <line nr="522" mi="1" ci="0" mb="0" cb="0" />
      <line nr="523" mi="1" ci="0" mb="0" cb="0" />
      <line nr="524" mi="1" ci="0" mb="0" cb="0" />
      <line nr="525" mi="1" ci="0" mb="0" cb="0" />
      <line nr="526" mi="1" ci="0" mb="0" cb="0" />
      <line nr="527" mi="1" ci="0" mb="0" cb="0" />
      <line nr="528" mi="1" ci="0" mb="0" cb="0" />
      <line nr="532" mi="1" ci="0" mb="0" cb="0" />
      <line nr="549" mi="1" ci="0" mb="0" cb="0" />
      <line nr="552" mi="2" ci="0" mb="0" cb="0" />
      <line nr="554" mi="1" ci="0" mb="0" cb="0" />
      <line nr="556" mi="1" ci="0" mb="0" cb="0" />
      <line nr="558" mi="2" ci="0" mb="0" cb="0" />
      <line nr="559" mi="1" ci="0" mb="0" cb="0" />
      <line nr="560" mi="1" ci="0" mb="0" cb="0" />
      <line nr="561" mi="1" ci="0" mb="0" cb="0" />
      <line nr="562" mi="1" ci="0" mb="0" cb="0" />
      <line nr="563" mi="1" ci="0" mb="0" cb="0" />
      <line nr="564" mi="1" ci="0" mb="0" cb="0" />
      <line nr="565" mi="1" ci="0" mb="0" cb="0" />
      <line nr="569" mi="1" ci="0" mb="0" cb="0" />
      <line nr="572" mi="1" ci="0" mb="0" cb="0" />
      <line nr="573" mi="1" ci="0" mb="0" cb="0" />
      <line nr="574" mi="1" ci="0" mb="0" cb="0" />
      <line nr="575" mi="1" ci="0" mb="0" cb="0" />
      <line nr="576" mi="1" ci="0" mb="0" cb="0" />
      <line nr="577" mi="1" ci="0" mb="0" cb="0" />
      <line nr="578" mi="1" ci="0" mb="0" cb="0" />
      <line nr="582" mi="1" ci="0" mb="0" cb="0" />
      <line nr="599" mi="1" ci="0" mb="0" cb="0" />
      <line nr="604" mi="1" ci="0" mb="0" cb="0" />
      <line nr="605" mi="1" ci="0" mb="0" cb="0" />
      <line nr="606" mi="1" ci="0" mb="0" cb="0" />
      <line nr="609" mi="4" ci="0" mb="0" cb="0" />
      <line nr="611" mi="1" ci="0" mb="0" cb="0" />
      <line nr="613" mi="2" ci="0" mb="0" cb="0" />
      <line nr="614" mi="1" ci="0" mb="0" cb="0" />
      <line nr="615" mi="1" ci="0" mb="0" cb="0" />
      <line nr="616" mi="1" ci="0" mb="0" cb="0" />
      <line nr="617" mi="1" ci="0" mb="0" cb="0" />
      <line nr="618" mi="1" ci="0" mb="0" cb="0" />
      <line nr="619" mi="1" ci="0" mb="0" cb="0" />
      <line nr="620" mi="1" ci="0" mb="0" cb="0" />
      <line nr="624" mi="1" ci="0" mb="0" cb="0" />
      <line nr="627" mi="2" ci="0" mb="0" cb="0" />
      <line nr="628" mi="1" ci="0" mb="0" cb="0" />
      <line nr="629" mi="1" ci="0" mb="0" cb="0" />
      <line nr="630" mi="1" ci="0" mb="0" cb="0" />
      <line nr="631" mi="1" ci="0" mb="0" cb="0" />
      <line nr="632" mi="1" ci="0" mb="0" cb="0" />
      <line nr="633" mi="1" ci="0" mb="0" cb="0" />
      <line nr="634" mi="1" ci="0" mb="0" cb="0" />
      <line nr="635" mi="1" ci="0" mb="0" cb="0" />
      <line nr="639" mi="1" ci="0" mb="0" cb="0" />
      <line nr="643" mi="1" ci="0" mb="0" cb="0" />
      <line nr="644" mi="1" ci="0" mb="0" cb="0" />
      <line nr="645" mi="1" ci="0" mb="0" cb="0" />
      <line nr="648" mi="4" ci="0" mb="0" cb="0" />
      <line nr="650" mi="1" ci="0" mb="0" cb="0" />
      <line nr="652" mi="2" ci="0" mb="0" cb="0" />
      <line nr="653" mi="1" ci="0" mb="0" cb="0" />
      <line nr="654" mi="1" ci="0" mb="0" cb="0" />
      <line nr="655" mi="1" ci="0" mb="0" cb="0" />
      <line nr="656" mi="1" ci="0" mb="0" cb="0" />
      <line nr="657" mi="1" ci="0" mb="0" cb="0" />
      <line nr="658" mi="1" ci="0" mb="0" cb="0" />
      <line nr="659" mi="1" ci="0" mb="0" cb="0" />
      <line nr="663" mi="1" ci="0" mb="0" cb="0" />
      <line nr="666" mi="2" ci="0" mb="0" cb="0" />
      <line nr="667" mi="1" ci="0" mb="0" cb="0" />
      <line nr="669" mi="1" ci="0" mb="0" cb="0" />
      <line nr="670" mi="1" ci="0" mb="0" cb="0" />
      <line nr="671" mi="1" ci="0" mb="0" cb="0" />
      <line nr="672" mi="1" ci="0" mb="0" cb="0" />
      <line nr="673" mi="1" ci="0" mb="0" cb="0" />
      <line nr="674" mi="1" ci="0" mb="0" cb="0" />
      <line nr="675" mi="1" ci="0" mb="0" cb="0" />
      <line nr="679" mi="1" ci="0" mb="0" cb="0" />
      <line nr="685" mi="1" ci="0" mb="0" cb="0" />
      <line nr="700" mi="1" ci="0" mb="0" cb="0" />
      <line nr="702" mi="1" ci="0" mb="0" cb="0" />
      <line nr="704" mi="1" ci="0" mb="0" cb="0" />
      <line nr="706" mi="1" ci="0" mb="0" cb="0" />
      <line nr="714" mi="1" ci="0" mb="0" cb="0" />
      <line nr="716" mi="2" ci="0" mb="0" cb="0" />
      <line nr="718" mi="1" ci="0" mb="0" cb="0" />
      <line nr="720" mi="1" ci="0" mb="0" cb="0" />
      <line nr="721" mi="1" ci="0" mb="0" cb="0" />
      <line nr="722" mi="1" ci="0" mb="0" cb="0" />
      <line nr="723" mi="1" ci="0" mb="0" cb="0" />
      <line nr="724" mi="1" ci="0" mb="0" cb="0" />
      <line nr="730" mi="1" ci="0" mb="0" cb="0" />
      <line nr="734" mi="1" ci="0" mb="0" cb="0" />
      <line nr="737" mi="1" ci="0" mb="0" cb="0" />
      <line nr="738" mi="1" ci="0" mb="0" cb="0" />
      <line nr="739" mi="1" ci="0" mb="0" cb="0" />
      <line nr="740" mi="1" ci="0" mb="0" cb="0" />
      <line nr="741" mi="1" ci="0" mb="0" cb="0" />
      <line nr="742" mi="1" ci="0" mb="0" cb="0" />
      <line nr="743" mi="1" ci="0" mb="0" cb="0" />
      <line nr="747" mi="1" ci="0" mb="0" cb="0" />
      <line nr="749" mi="1" ci="0" mb="0" cb="0" />
      <line nr="752" mi="1" ci="0" mb="0" cb="0" />
      <line nr="756" mi="2" ci="0" mb="0" cb="0" />
      <line nr="761" mi="1" ci="0" mb="0" cb="0" />
      <line nr="767" mi="1" ci="0" mb="0" cb="0" />
      <line nr="772" mi="1" ci="0" mb="0" cb="0" />
      <line nr="774" mi="1" ci="0" mb="0" cb="0" />
      <line nr="776" mi="1" ci="0" mb="0" cb="0" />
      <line nr="778" mi="1" ci="0" mb="0" cb="0" />
      <line nr="779" mi="1" ci="0" mb="0" cb="0" />
      <line nr="780" mi="1" ci="0" mb="0" cb="0" />
      <line nr="781" mi="1" ci="0" mb="0" cb="0" />
      <line nr="782" mi="2" ci="0" mb="0" cb="0" />
      <line nr="786" mi="1" ci="0" mb="0" cb="0" />
      <line nr="791" mi="1" ci="0" mb="0" cb="0" />
      <line nr="793" mi="1" ci="0" mb="0" cb="0" />
      <line nr="795" mi="2" ci="0" mb="0" cb="0" />
      <line nr="797" mi="1" ci="0" mb="0" cb="0" />
      <line nr="798" mi="1" ci="0" mb="0" cb="0" />
      <line nr="803" mi="2" ci="0" mb="0" cb="0" />
      <line nr="805" mi="1" ci="0" mb="0" cb="0" />
      <line nr="806" mi="1" ci="0" mb="0" cb="0" />
      <line nr="887" mi="0" ci="1" mb="0" cb="0" />
      <line nr="891" mi="0" ci="1" mb="0" cb="0" />
      <line nr="910" mi="0" ci="1" mb="0" cb="0" />
      <line nr="912" mi="0" ci="1" mb="0" cb="0" />
      <line nr="913" mi="0" ci="1" mb="0" cb="0" />
      <line nr="914" mi="0" ci="1" mb="0" cb="0" />
      <line nr="915" mi="0" ci="1" mb="0" cb="0" />
      <line nr="918" mi="0" ci="1" mb="0" cb="0" />
      <line nr="920" mi="0" ci="1" mb="0" cb="0" />
      <line nr="922" mi="0" ci="1" mb="0" cb="0" />
      <line nr="923" mi="0" ci="1" mb="0" cb="0" />
      <line nr="926" mi="0" ci="1" mb="0" cb="0" />
      <line nr="928" mi="0" ci="2" mb="0" cb="0" />
      <line nr="929" mi="0" ci="1" mb="0" cb="0" />
      <line nr="932" mi="0" ci="2" mb="0" cb="0" />
      <line nr="934" mi="0" ci="2" mb="0" cb="0" />
      <line nr="935" mi="0" ci="1" mb="0" cb="0" />
      <line nr="938" mi="0" ci="2" mb="0" cb="0" />
      <line nr="940" mi="0" ci="2" mb="0" cb="0" />
      <line nr="941" mi="0" ci="1" mb="0" cb="0" />
      <line nr="944" mi="0" ci="1" mb="0" cb="0" />
      <line nr="946" mi="0" ci="1" mb="0" cb="0" />
      <line nr="947" mi="0" ci="2" mb="0" cb="0" />
      <line nr="949" mi="0" ci="1" mb="0" cb="0" />
      <line nr="953" mi="0" ci="1" mb="0" cb="0" />
      <line nr="954" mi="0" ci="1" mb="0" cb="0" />
      <line nr="955" mi="0" ci="1" mb="0" cb="0" />
      <line nr="958" mi="0" ci="2" mb="0" cb="0" />
      <line nr="960" mi="0" ci="1" mb="0" cb="0" />
      <line nr="961" mi="0" ci="3" mb="0" cb="0" />
      <line nr="963" mi="0" ci="1" mb="0" cb="0" />
      <line nr="967" mi="0" ci="1" mb="0" cb="0" />
      <line nr="969" mi="0" ci="1" mb="0" cb="0" />
      <line nr="970" mi="0" ci="2" mb="0" cb="0" />
      <line nr="972" mi="0" ci="1" mb="0" cb="0" />
      <line nr="976" mi="0" ci="1" mb="0" cb="0" />
      <line nr="977" mi="0" ci="1" mb="0" cb="0" />
      <line nr="978" mi="0" ci="1" mb="0" cb="0" />
      <line nr="981" mi="0" ci="2" mb="0" cb="0" />
      <line nr="983" mi="0" ci="1" mb="0" cb="0" />
      <line nr="984" mi="0" ci="3" mb="0" cb="0" />
      <line nr="986" mi="0" ci="1" mb="0" cb="0" />
      <line nr="990" mi="0" ci="1" mb="0" cb="0" />
      <line nr="992" mi="0" ci="2" mb="0" cb="0" />
      <line nr="993" mi="0" ci="1" mb="0" cb="0" />
      <line nr="996" mi="0" ci="1" mb="0" cb="0" />
      <line nr="998" mi="0" ci="3" mb="0" cb="0" />
      <line nr="999" mi="0" ci="1" mb="0" cb="0" />
      <line nr="1002" mi="0" ci="1" mb="0" cb="0" />
      <line nr="1024" mi="0" ci="1" mb="0" cb="0" />
      <line nr="1026" mi="0" ci="1" mb="0" cb="0" />
      <line nr="1028" mi="0" ci="2" mb="0" cb="0" />
      <line nr="1030" mi="0" ci="1" mb="0" cb="0" />
      <line nr="1033" mi="0" ci="3" mb="0" cb="0" />
      <line nr="1038" mi="0" ci="3" mb="0" cb="0" />
      <line nr="1041" mi="0" ci="1" mb="0" cb="0" />
      <line nr="1042" mi="0" ci="1" mb="0" cb="0" />
      <line nr="1049" mi="0" ci="1" mb="0" cb="0" />
      <line nr="1051" mi="0" ci="1" mb="0" cb="0" />
      <line nr="1055" mi="0" ci="1" mb="0" cb="0" />
      <line nr="1059" mi="0" ci="1" mb="0" cb="0" />
      <line nr="1060" mi="0" ci="1" mb="0" cb="0" />
      <line nr="1061" mi="0" ci="1" mb="0" cb="0" />
      <line nr="1062" mi="0" ci="1" mb="0" cb="0" />
      <line nr="1100" mi="0" ci="1" mb="0" cb="0" />
      <line nr="1101" mi="0" ci="1" mb="0" cb="0" />
      <line nr="1102" mi="0" ci="1" mb="0" cb="0" />
      <line nr="1105" mi="0" ci="1" mb="0" cb="0" />
      <line nr="1107" mi="0" ci="1" mb="0" cb="0" />
      <line nr="1110" mi="0" ci="2" mb="0" cb="0" />
      <line nr="1116" mi="0" ci="1" mb="0" cb="0" />
      <line nr="1118" mi="0" ci="2" mb="0" cb="0" />
      <line nr="1124" mi="0" ci="1" mb="0" cb="0" />
      <line nr="1128" mi="0" ci="1" mb="0" cb="0" />
      <line nr="1131" mi="0" ci="1" mb="0" cb="0" />
      <line nr="1132" mi="0" ci="1" mb="0" cb="0" />
      <line nr="1133" mi="0" ci="1" mb="0" cb="0" />
      <line nr="1134" mi="0" ci="1" mb="0" cb="0" />
      <line nr="1138" mi="0" ci="1" mb="0" cb="0" />
      <counter type="INSTRUCTION" missed="230" covered="200" />
      <counter type="LINE" missed="203" covered="165" />
      <counter type="METHOD" missed="0" covered="6" />
      <counter type="CLASS" missed="0" covered="1" />
    </sourcefile>
    <counter type="INSTRUCTION" missed="230" covered="200" />
    <counter type="LINE" missed="203" covered="165" />
    <counter type="METHOD" missed="0" covered="6" />
    <counter type="CLASS" missed="0" covered="1" />
  </package>
  <counter type="INSTRUCTION" missed="230" covered="200" />
  <counter type="LINE" missed="203" covered="165" />
  <counter type="METHOD" missed="0" covered="6" />
  <counter type="CLASS" missed="0" covered="1" />
</report>
